/usr/bin/ld: CMakeFiles/slave_node.dir/src/slave_node.cpp.o: in function `receiveMsg(boost::shared_ptr<std_msgs::String_<std::allocator<void> > const> const&)':
slave_node.cpp:(.text+0x48): undefined reference to `ros::console::g_initialized'
/usr/bin/ld: slave_node.cpp:(.text+0x58): undefined reference to `ros::console::initialize()'
/usr/bin/ld: slave_node.cpp:(.text+0xb1): undefined reference to `ros::console::initializeLogLocation(ros::console::LogLocation*, std::__cxx11::basic_string<char, std::char_traits<char>, std::allocator<char> > const&, ros::console::levels::Level)'
/usr/bin/ld: slave_node.cpp:(.text+0xf4): undefined reference to `ros::console::setLogLocationLevel(ros::console::LogLocation*, ros::console::levels::Level)'
/usr/bin/ld: slave_node.cpp:(.text+0x100): undefined reference to `ros::console::checkLogLocationEnabled(ros::console::LogLocation*)'
/usr/bin/ld: slave_node.cpp:(.text+0x16f): undefined reference to `ros::console::print(ros::console::FilterBase*, void*, ros::console::levels::Level, char const*, int, char const*, char const*, ...)'
/usr/bin/ld: CMakeFiles/slave_node.dir/src/slave_node.cpp.o: in function `main':
slave_node.cpp:(.text+0x32b): undefined reference to `ros::init(int&, char**, std::__cxx11::basic_string<char, std::char_traits<char>, std::allocator<char> > const&, unsigned int)'
/usr/bin/ld: slave_node.cpp:(.text+0x34f): undefined reference to `ros::ok()'
/usr/bin/ld: slave_node.cpp:(.text+0x358): undefined reference to `ros::spinOnce()'
/usr/bin/ld: slave_node.cpp:(.text+0x364): undefined reference to `ros::Rate::sleep()'
/usr/bin/ld: CMakeFiles/slave_node.dir/src/slave_node.cpp.o: in function `__static_initialization_and_destruction_0(int, int)':
slave_node.cpp:(.text+0x48f): undefined reference to `ros::NodeHandle::NodeHandle(std::__cxx11::basic_string<char, std::char_traits<char>, std::allocator<char> > const&, std::map<std::__cxx11::basic_string<char, std::char_traits<char>, std::allocator<char> >, std::__cxx11::basic_string<char, std::char_traits<char>, std::allocator<char> >, std::less<std::__cxx11::basic_string<char, std::char_traits<char>, std::allocator<char> > >, std::allocator<std::pair<std::__cxx11::basic_string<char, std::char_traits<char>, std::allocator<char> > const, std::__cxx11::basic_string<char, std::char_traits<char>, std::allocator<char> > > > > const&)'
/usr/bin/ld: slave_node.cpp:(.text+0x4bf): undefined reference to `ros::NodeHandle::~NodeHandle()'
/usr/bin/ld: slave_node.cpp:(.text+0x545): undefined reference to `ros::Publisher::~Publisher()'
/usr/bin/ld: slave_node.cpp:(.text+0x642): undefined reference to `ros::Subscriber::~Subscriber()'
/usr/bin/ld: slave_node.cpp:(.text+0x662): undefined reference to `ros::Rate::Rate(double)'
/usr/bin/ld: CMakeFiles/slave_node.dir/src/slave_node.cpp.o: in function `ros::Publisher ros::NodeHandle::advertise<std_msgs::String_<std::allocator<void> > >(std::__cxx11::basic_string<char, std::char_traits<char>, std::allocator<char> > const&, unsigned int, bool)':
slave_node.cpp:(.text._ZN3ros10NodeHandle9advertiseIN8std_msgs7String_ISaIvEEEEENS_9PublisherERKNSt7__cxx1112basic_stringIcSt11char_traitsIcESaIcEEEjb[_ZN3ros10NodeHandle9advertiseIN8std_msgs7String_ISaIvEEEEENS_9PublisherERKNSt7__cxx1112basic_stringIcSt11char_traitsIcESaIcEEEjb]+0x139): undefined reference to `ros::NodeHandle::advertise(ros::AdvertiseOptions&)'
/usr/bin/ld: CMakeFiles/slave_node.dir/src/slave_node.cpp.o: in function `void ros::Publisher::publish<std_msgs::String_<std::allocator<void> > >(std_msgs::String_<std::allocator<void> > const&) const':
slave_node.cpp:(.text._ZNK3ros9Publisher7publishIN8std_msgs7String_ISaIvEEEEEvRKT_[_ZNK3ros9Publisher7publishIN8std_msgs7String_ISaIvEEEEEvRKT_]+0x4b): undefined reference to `ros::console::g_initialized'
/usr/bin/ld: slave_node.cpp:(.text._ZNK3ros9Publisher7publishIN8std_msgs7String_ISaIvEEEEEvRKT_[_ZNK3ros9Publisher7publishIN8std_msgs7String_ISaIvEEEEEvRKT_]+0x5b): undefined reference to `ros::console::initialize()'
/usr/bin/ld: slave_node.cpp:(.text._ZNK3ros9Publisher7publishIN8std_msgs7String_ISaIvEEEEEvRKT_[_ZNK3ros9Publisher7publishIN8std_msgs7String_ISaIvEEEEEvRKT_]+0xae): undefined reference to `ros::console::initializeLogLocation(ros::console::LogLocation*, std::__cxx11::basic_string<char, std::char_traits<char>, std::allocator<char> > const&, ros::console::levels::Level)'
/usr/bin/ld: slave_node.cpp:(.text._ZNK3ros9Publisher7publishIN8std_msgs7String_ISaIvEEEEEvRKT_[_ZNK3ros9Publisher7publishIN8std_msgs7String_ISaIvEEEEEvRKT_]+0xee): undefined reference to `ros::console::setLogLocationLevel(ros::console::LogLocation*, ros::console::levels::Level)'
/usr/bin/ld: slave_node.cpp:(.text._ZNK3ros9Publisher7publishIN8std_msgs7String_ISaIvEEEEEvRKT_[_ZNK3ros9Publisher7publishIN8std_msgs7String_ISaIvEEEEEvRKT_]+0xfa): undefined reference to `ros::console::checkLogLocationEnabled(ros::console::LogLocation*)'
/usr/bin/ld: slave_node.cpp:(.text._ZNK3ros9Publisher7publishIN8std_msgs7String_ISaIvEEEEEvRKT_[_ZNK3ros9Publisher7publishIN8std_msgs7String_ISaIvEEEEEvRKT_]+0x160): undefined reference to `ros::console::print(ros::console::FilterBase*, void*, ros::console::levels::Level, char const*, int, char const*, char const*, ...)'
/usr/bin/ld: slave_node.cpp:(.text._ZNK3ros9Publisher7publishIN8std_msgs7String_ISaIvEEEEEvRKT_[_ZNK3ros9Publisher7publishIN8std_msgs7String_ISaIvEEEEEvRKT_]+0x16b): undefined reference to `ros::console::g_initialized'
/usr/bin/ld: slave_node.cpp:(.text._ZNK3ros9Publisher7publishIN8std_msgs7String_ISaIvEEEEEvRKT_[_ZNK3ros9Publisher7publishIN8std_msgs7String_ISaIvEEEEEvRKT_]+0x17b): undefined reference to `ros::console::initialize()'
/usr/bin/ld: slave_node.cpp:(.text._ZNK3ros9Publisher7publishIN8std_msgs7String_ISaIvEEEEEvRKT_[_ZNK3ros9Publisher7publishIN8std_msgs7String_ISaIvEEEEEvRKT_]+0x1ce): undefined reference to `ros::console::initializeLogLocation(ros::console::LogLocation*, std::__cxx11::basic_string<char, std::char_traits<char>, std::allocator<char> > const&, ros::console::levels::Level)'
/usr/bin/ld: slave_node.cpp:(.text._ZNK3ros9Publisher7publishIN8std_msgs7String_ISaIvEEEEEvRKT_[_ZNK3ros9Publisher7publishIN8std_msgs7String_ISaIvEEEEEvRKT_]+0x20e): undefined reference to `ros::console::setLogLocationLevel(ros::console::LogLocation*, ros::console::levels::Level)'
/usr/bin/ld: slave_node.cpp:(.text._ZNK3ros9Publisher7publishIN8std_msgs7String_ISaIvEEEEEvRKT_[_ZNK3ros9Publisher7publishIN8std_msgs7String_ISaIvEEEEEvRKT_]+0x21a): undefined reference to `ros::console::checkLogLocationEnabled(ros::console::LogLocation*)'
/usr/bin/ld: slave_node.cpp:(.text._ZNK3ros9Publisher7publishIN8std_msgs7String_ISaIvEEEEEvRKT_[_ZNK3ros9Publisher7publishIN8std_msgs7String_ISaIvEEEEEvRKT_]+0x272): undefined reference to `ros::console::print(ros::console::FilterBase*, void*, ros::console::levels::Level, char const*, int, char const*, char const*, ...)'
/usr/bin/ld: slave_node.cpp:(.text._ZNK3ros9Publisher7publishIN8std_msgs7String_ISaIvEEEEEvRKT_[_ZNK3ros9Publisher7publishIN8std_msgs7String_ISaIvEEEEEvRKT_]+0x27d): undefined reference to `ros::console::g_initialized'
/usr/bin/ld: slave_node.cpp:(.text._ZNK3ros9Publisher7publishIN8std_msgs7String_ISaIvEEEEEvRKT_[_ZNK3ros9Publisher7publishIN8std_msgs7String_ISaIvEEEEEvRKT_]+0x28d): undefined reference to `ros::console::initialize()'
/usr/bin/ld: slave_node.cpp:(.text._ZNK3ros9Publisher7publishIN8std_msgs7String_ISaIvEEEEEvRKT_[_ZNK3ros9Publisher7publishIN8std_msgs7String_ISaIvEEEEEvRKT_]+0x2e0): undefined reference to `ros::console::initializeLogLocation(ros::console::LogLocation*, std::__cxx11::basic_string<char, std::char_traits<char>, std::allocator<char> > const&, ros::console::levels::Level)'
/usr/bin/ld: slave_node.cpp:(.text._ZNK3ros9Publisher7publishIN8std_msgs7String_ISaIvEEEEEvRKT_[_ZNK3ros9Publisher7publishIN8std_msgs7String_ISaIvEEEEEvRKT_]+0x320): undefined reference to `ros::console::setLogLocationLevel(ros::console::LogLocation*, ros::console::levels::Level)'
/usr/bin/ld: slave_node.cpp:(.text._ZNK3ros9Publisher7publishIN8std_msgs7String_ISaIvEEEEEvRKT_[_ZNK3ros9Publisher7publishIN8std_msgs7String_ISaIvEEEEEvRKT_]+0x32c): undefined reference to `ros::console::checkLogLocationEnabled(ros::console::LogLocation*)'
/usr/bin/ld: slave_node.cpp:(.text._ZNK3ros9Publisher7publishIN8std_msgs7String_ISaIvEEEEEvRKT_[_ZNK3ros9Publisher7publishIN8std_msgs7String_ISaIvEEEEEvRKT_]+0x384): undefined reference to `ros::console::print(ros::console::FilterBase*, void*, ros::console::levels::Level, char const*, int, char const*, char const*, ...)'
/usr/bin/ld: slave_node.cpp:(.text._ZNK3ros9Publisher7publishIN8std_msgs7String_ISaIvEEEEEvRKT_[_ZNK3ros9Publisher7publishIN8std_msgs7String_ISaIvEEEEEvRKT_]+0x3a5): undefined reference to `ros::Publisher::Impl::isValid() const'
/usr/bin/ld: slave_node.cpp:(.text._ZNK3ros9Publisher7publishIN8std_msgs7String_ISaIvEEEEEvRKT_[_ZNK3ros9Publisher7publishIN8std_msgs7String_ISaIvEEEEEvRKT_]+0x3b7): undefined reference to `ros::console::g_initialized'
/usr/bin/ld: slave_node.cpp:(.text._ZNK3ros9Publisher7publishIN8std_msgs7String_ISaIvEEEEEvRKT_[_ZNK3ros9Publisher7publishIN8std_msgs7String_ISaIvEEEEEvRKT_]+0x3c7): undefined reference to `ros::console::initialize()'
/usr/bin/ld: slave_node.cpp:(.text._ZNK3ros9Publisher7publishIN8std_msgs7String_ISaIvEEEEEvRKT_[_ZNK3ros9Publisher7publishIN8std_msgs7String_ISaIvEEEEEvRKT_]+0x41a): undefined reference to `ros::console::initializeLogLocation(ros::console::LogLocation*, std::__cxx11::basic_string<char, std::char_traits<char>, std::allocator<char> > const&, ros::console::levels::Level)'
/usr/bin/ld: slave_node.cpp:(.text._ZNK3ros9Publisher7publishIN8std_msgs7String_ISaIvEEEEEvRKT_[_ZNK3ros9Publisher7publishIN8std_msgs7String_ISaIvEEEEEvRKT_]+0x45a): undefined reference to `ros::console::setLogLocationLevel(ros::console::LogLocation*, ros::console::levels::Level)'
/usr/bin/ld: slave_node.cpp:(.text._ZNK3ros9Publisher7publishIN8std_msgs7String_ISaIvEEEEEvRKT_[_ZNK3ros9Publisher7publishIN8std_msgs7String_ISaIvEEEEEvRKT_]+0x466): undefined reference to `ros::console::checkLogLocationEnabled(ros::console::LogLocation*)'
/usr/bin/ld: slave_node.cpp:(.text._ZNK3ros9Publisher7publishIN8std_msgs7String_ISaIvEEEEEvRKT_[_ZNK3ros9Publisher7publishIN8std_msgs7String_ISaIvEEEEEvRKT_]+0x4cc): undefined reference to `ros::console::print(ros::console::FilterBase*, void*, ros::console::levels::Level, char const*, int, char const*, char const*, ...)'
/usr/bin/ld: slave_node.cpp:(.text._ZNK3ros9Publisher7publishIN8std_msgs7String_ISaIvEEEEEvRKT_[_ZNK3ros9Publisher7publishIN8std_msgs7String_ISaIvEEEEEvRKT_]+0x4d7): undefined reference to `ros::console::g_initialized'
/usr/bin/ld: slave_node.cpp:(.text._ZNK3ros9Publisher7publishIN8std_msgs7String_ISaIvEEEEEvRKT_[_ZNK3ros9Publisher7publishIN8std_msgs7String_ISaIvEEEEEvRKT_]+0x4e7): undefined reference to `ros::console::initialize()'
/usr/bin/ld: slave_node.cpp:(.text._ZNK3ros9Publisher7publishIN8std_msgs7String_ISaIvEEEEEvRKT_[_ZNK3ros9Publisher7publishIN8std_msgs7String_ISaIvEEEEEvRKT_]+0x53a): undefined reference to `ros::console::initializeLogLocation(ros::console::LogLocation*, std::__cxx11::basic_string<char, std::char_traits<char>, std::allocator<char> > const&, ros::console::levels::Level)'
/usr/bin/ld: slave_node.cpp:(.text._ZNK3ros9Publisher7publishIN8std_msgs7String_ISaIvEEEEEvRKT_[_ZNK3ros9Publisher7publishIN8std_msgs7String_ISaIvEEEEEvRKT_]+0x57a): undefined reference to `ros::console::setLogLocationLevel(ros::console::LogLocation*, ros::console::levels::Level)'
/usr/bin/ld: slave_node.cpp:(.text._ZNK3ros9Publisher7publishIN8std_msgs7String_ISaIvEEEEEvRKT_[_ZNK3ros9Publisher7publishIN8std_msgs7String_ISaIvEEEEEvRKT_]+0x586): undefined reference to `ros::console::checkLogLocationEnabled(ros::console::LogLocation*)'
/usr/bin/ld: slave_node.cpp:(.text._ZNK3ros9Publisher7publishIN8std_msgs7String_ISaIvEEEEEvRKT_[_ZNK3ros9Publisher7publishIN8std_msgs7String_ISaIvEEEEEvRKT_]+0x5f5): undefined reference to `ros::console::print(ros::console::FilterBase*, void*, ros::console::levels::Level, char const*, int, char const*, char const*, ...)'
/usr/bin/ld: slave_node.cpp:(.text._ZNK3ros9Publisher7publishIN8std_msgs7String_ISaIvEEEEEvRKT_[_ZNK3ros9Publisher7publishIN8std_msgs7String_ISaIvEEEEEvRKT_]+0x600): undefined reference to `ros::console::g_initialized'
/usr/bin/ld: slave_node.cpp:(.text._ZNK3ros9Publisher7publishIN8std_msgs7String_ISaIvEEEEEvRKT_[_ZNK3ros9Publisher7publishIN8std_msgs7String_ISaIvEEEEEvRKT_]+0x610): undefined reference to `ros::console::initialize()'
/usr/bin/ld: slave_node.cpp:(.text._ZNK3ros9Publisher7publishIN8std_msgs7String_ISaIvEEEEEvRKT_[_ZNK3ros9Publisher7publishIN8std_msgs7String_ISaIvEEEEEvRKT_]+0x663): undefined reference to `ros::console::initializeLogLocation(ros::console::LogLocation*, std::__cxx11::basic_string<char, std::char_traits<char>, std::allocator<char> > const&, ros::console::levels::Level)'
/usr/bin/ld: slave_node.cpp:(.text._ZNK3ros9Publisher7publishIN8std_msgs7String_ISaIvEEEEEvRKT_[_ZNK3ros9Publisher7publishIN8std_msgs7String_ISaIvEEEEEvRKT_]+0x6a3): undefined reference to `ros::console::setLogLocationLevel(ros::console::LogLocation*, ros::console::levels::Level)'
/usr/bin/ld: slave_node.cpp:(.text._ZNK3ros9Publisher7publishIN8std_msgs7String_ISaIvEEEEEvRKT_[_ZNK3ros9Publisher7publishIN8std_msgs7String_ISaIvEEEEEvRKT_]+0x6af): undefined reference to `ros::console::checkLogLocationEnabled(ros::console::LogLocation*)'
/usr/bin/ld: slave_node.cpp:(.text._ZNK3ros9Publisher7publishIN8std_msgs7String_ISaIvEEEEEvRKT_[_ZNK3ros9Publisher7publishIN8std_msgs7String_ISaIvEEEEEvRKT_]+0x707): undefined reference to `ros::console::print(ros::console::FilterBase*, void*, ros::console::levels::Level, char const*, int, char const*, char const*, ...)'
/usr/bin/ld: slave_node.cpp:(.text._ZNK3ros9Publisher7publishIN8std_msgs7String_ISaIvEEEEEvRKT_[_ZNK3ros9Publisher7publishIN8std_msgs7String_ISaIvEEEEEvRKT_]+0x815): undefined reference to `ros::console::g_initialized'
/usr/bin/ld: slave_node.cpp:(.text._ZNK3ros9Publisher7publishIN8std_msgs7String_ISaIvEEEEEvRKT_[_ZNK3ros9Publisher7publishIN8std_msgs7String_ISaIvEEEEEvRKT_]+0x825): undefined reference to `ros::console::initialize()'
/usr/bin/ld: slave_node.cpp:(.text._ZNK3ros9Publisher7publishIN8std_msgs7String_ISaIvEEEEEvRKT_[_ZNK3ros9Publisher7publishIN8std_msgs7String_ISaIvEEEEEvRKT_]+0x878): undefined reference to `ros::console::initializeLogLocation(ros::console::LogLocation*, std::__cxx11::basic_string<char, std::char_traits<char>, std::allocator<char> > const&, ros::console::levels::Level)'
/usr/bin/ld: slave_node.cpp:(.text._ZNK3ros9Publisher7publishIN8std_msgs7String_ISaIvEEEEEvRKT_[_ZNK3ros9Publisher7publishIN8std_msgs7String_ISaIvEEEEEvRKT_]+0x8b7): undefined reference to `ros::console::setLogLocationLevel(ros::console::LogLocation*, ros::console::levels::Level)'
/usr/bin/ld: slave_node.cpp:(.text._ZNK3ros9Publisher7publishIN8std_msgs7String_ISaIvEEEEEvRKT_[_ZNK3ros9Publisher7publishIN8std_msgs7String_ISaIvEEEEEvRKT_]+0x8c3): undefined reference to `ros::console::checkLogLocationEnabled(ros::console::LogLocation*)'
/usr/bin/ld: slave_node.cpp:(.text._ZNK3ros9Publisher7publishIN8std_msgs7String_ISaIvEEEEEvRKT_[_ZNK3ros9Publisher7publishIN8std_msgs7String_ISaIvEEEEEvRKT_]+0x9a2): undefined reference to `ros::console::print(ros::console::FilterBase*, void*, ros::console::levels::Level, char const*, int, char const*, char const*, ...)'
/usr/bin/ld: slave_node.cpp:(.text._ZNK3ros9Publisher7publishIN8std_msgs7String_ISaIvEEEEEvRKT_[_ZNK3ros9Publisher7publishIN8std_msgs7String_ISaIvEEEEEvRKT_]+0xa35): undefined reference to `ros::Publisher::publish(boost::function<ros::SerializedMessage ()> const&, ros::SerializedMessage&) const'
/usr/bin/ld: CMakeFiles/slave_node.dir/src/slave_node.cpp.o: in function `ros::Subscriber ros::NodeHandle::subscribe<std_msgs::String_<std::allocator<void> > >(std::__cxx11::basic_string<char, std::char_traits<char>, std::allocator<char> > const&, unsigned int, void (*)(boost::shared_ptr<std_msgs::String_<std::allocator<void> > const> const&), ros::TransportHints const&)':
slave_node.cpp:(.text._ZN3ros10NodeHandle9subscribeIN8std_msgs7String_ISaIvEEEEENS_10SubscriberERKNSt7__cxx1112basic_stringIcSt11char_traitsIcESaIcEEEjPFvRKN5boost10shared_ptrIKT_EEERKNS_14TransportHintsE[_ZN3ros10NodeHandle9subscribeIN8std_msgs7String_ISaIvEEEEENS_10SubscriberERKNSt7__cxx1112basic_stringIcSt11char_traitsIcESaIcEEEjPFvRKN5boost10shared_ptrIKT_EEERKNS_14TransportHintsE]+0x110): undefined reference to `ros::NodeHandle::subscribe(ros::SubscribeOptions&)'
/usr/bin/ld: CMakeFiles/slave_node.dir/src/slave_node.cpp.o: in function `void ros::serialization::Serializer<unsigned int>::write<ros::serialization::OStream>(ros::serialization::OStream&, unsigned int)':
slave_node.cpp:(.text._ZN3ros13serialization10SerializerIjE5writeINS0_7OStreamEEEvRT_j[_ZN3ros13serialization10SerializerIjE5writeINS0_7OStreamEEEvRT_j]+0x56): undefined reference to `ros::serialization::throwStreamOverrun()'
/usr/bin/ld: CMakeFiles/slave_node.dir/src/slave_node.cpp.o: in function `void ros::serialization::Serializer<std::__cxx11::basic_string<char, std::char_traits<char>, std::allocator<char> > >::write<ros::serialization::OStream>(ros::serialization::OStream&, std::__cxx11::basic_string<char, std::char_traits<char>, std::allocator<char> > const&)':
slave_node.cpp:(.text._ZN3ros13serialization10SerializerINSt7__cxx1112basic_stringIcSt11char_traitsIcESaIcEEEE5writeINS0_7OStreamEEEvRT_RKS7_[_ZN3ros13serialization10SerializerINSt7__cxx1112basic_stringIcSt11char_traitsIcESaIcEEEE5writeINS0_7OStreamEEEvRT_RKS7_]+0xb0): undefined reference to `ros::serialization::throwStreamOverrun()'
/usr/bin/ld: CMakeFiles/slave_node.dir/src/slave_node.cpp.o: in function `ros::SubscriptionCallbackHelperT<boost::shared_ptr<std_msgs::String_<std::allocator<void> > const> const&, void>::deserialize(ros::SubscriptionCallbackHelperDeserializeParams const&)':
slave_node.cpp:(.text._ZN3ros27SubscriptionCallbackHelperTIRKN5boost10shared_ptrIKN8std_msgs7String_ISaIvEEEEEvE11deserializeERKNS_43SubscriptionCallbackHelperDeserializeParamsE[_ZN3ros27SubscriptionCallbackHelperTIRKN5boost10shared_ptrIKN8std_msgs7String_ISaIvEEEEEvE11deserializeERKNS_43SubscriptionCallbackHelperDeserializeParamsE]+0x65): undefined reference to `ros::console::g_initialized'
/usr/bin/ld: slave_node.cpp:(.text._ZN3ros27SubscriptionCallbackHelperTIRKN5boost10shared_ptrIKN8std_msgs7String_ISaIvEEEEEvE11deserializeERKNS_43SubscriptionCallbackHelperDeserializeParamsE[_ZN3ros27SubscriptionCallbackHelperTIRKN5boost10shared_ptrIKN8std_msgs7String_ISaIvEEEEEvE11deserializeERKNS_43SubscriptionCallbackHelperDeserializeParamsE]+0x75): undefined reference to `ros::console::initialize()'
/usr/bin/ld: slave_node.cpp:(.text._ZN3ros27SubscriptionCallbackHelperTIRKN5boost10shared_ptrIKN8std_msgs7String_ISaIvEEEEEvE11deserializeERKNS_43SubscriptionCallbackHelperDeserializeParamsE[_ZN3ros27SubscriptionCallbackHelperTIRKN5boost10shared_ptrIKN8std_msgs7String_ISaIvEEEEEvE11deserializeERKNS_43SubscriptionCallbackHelperDeserializeParamsE]+0xc2): undefined reference to `ros::console::initializeLogLocation(ros::console::LogLocation*, std::__cxx11::basic_string<char, std::char_traits<char>, std::allocator<char> > const&, ros::console::levels::Level)'
/usr/bin/ld: slave_node.cpp:(.text._ZN3ros27SubscriptionCallbackHelperTIRKN5boost10shared_ptrIKN8std_msgs7String_ISaIvEEEEEvE11deserializeERKNS_43SubscriptionCallbackHelperDeserializeParamsE[_ZN3ros27SubscriptionCallbackHelperTIRKN5boost10shared_ptrIKN8std_msgs7String_ISaIvEEEEEvE11deserializeERKNS_43SubscriptionCallbackHelperDeserializeParamsE]+0xfe): undefined reference to `ros::console::setLogLocationLevel(ros::console::LogLocation*, ros::console::levels::Level)'
/usr/bin/ld: slave_node.cpp:(.text._ZN3ros27SubscriptionCallbackHelperTIRKN5boost10shared_ptrIKN8std_msgs7String_ISaIvEEEEEvE11deserializeERKNS_43SubscriptionCallbackHelperDeserializeParamsE[_ZN3ros27SubscriptionCallbackHelperTIRKN5boost10shared_ptrIKN8std_msgs7String_ISaIvEEEEEvE11deserializeERKNS_43SubscriptionCallbackHelperDeserializeParamsE]+0x10a): undefined reference to `ros::console::checkLogLocationEnabled(ros::console::LogLocation*)'
/usr/bin/ld: slave_node.cpp:(.text._ZN3ros27SubscriptionCallbackHelperTIRKN5boost10shared_ptrIKN8std_msgs7String_ISaIvEEEEEvE11deserializeERKNS_43SubscriptionCallbackHelperDeserializeParamsE[_ZN3ros27SubscriptionCallbackHelperTIRKN5boost10shared_ptrIKN8std_msgs7String_ISaIvEEEEEvE11deserializeERKNS_43SubscriptionCallbackHelperDeserializeParamsE]+0x187): undefined reference to `ros::console::print(ros::console::FilterBase*, void*, ros::console::levels::Level, char const*, int, char const*, char const*, ...)'
/usr/bin/ld: CMakeFiles/slave_node.dir/src/slave_node.cpp.o: in function `void ros::serialization::Serializer<std::__cxx11::basic_string<char, std::char_traits<char>, std::allocator<char> > >::read<ros::serialization::IStream>(ros::serialization::IStream&, std::__cxx11::basic_string<char, std::char_traits<char>, std::allocator<char> >&)':
slave_node.cpp:(.text._ZN3ros13serialization10SerializerINSt7__cxx1112basic_stringIcSt11char_traitsIcESaIcEEEE4readINS0_7IStreamEEEvRT_RS7_[_ZN3ros13serialization10SerializerINSt7__cxx1112basic_stringIcSt11char_traitsIcESaIcEEEE4readINS0_7IStreamEEEvRT_RS7_]+0x9e): undefined reference to `ros::serialization::throwStreamOverrun()'
/usr/bin/ld: CMakeFiles/slave_node.dir/src/slave_node.cpp.o: in function `void ros::serialization::Serializer<unsigned int>::read<ros::serialization::IStream>(ros::serialization::IStream&, unsigned int&)':
slave_node.cpp:(.text._ZN3ros13serialization10SerializerIjE4readINS0_7IStreamEEEvRT_Rj[_ZN3ros13serialization10SerializerIjE4readINS0_7IStreamEEEvRT_Rj]+0x57): undefined reference to `ros::serialization::throwStreamOverrun()'
collect2: error: ld returned 1 exit status
make[2]: *** [CMakeFiles/slave_node.dir/build.make:84: /home/harindu/Combots/devel/.private/slave/lib/slave/slave_node] Error 1
make[1]: *** [CMakeFiles/Makefile2:668: CMakeFiles/slave_node.dir/all] Error 2
make: *** [Makefile:141: all] Error 2
